<?xml version="1.0" encoding="UTF-8"?>
<testng-results ignored="0" total="4" passed="4" failed="0" skipped="0">
  <reporter-output>
  </reporter-output>
  <suite started-at="2024-05-05T16:47:00 IST" name="Suite" finished-at="2024-05-05T16:47:00 IST" duration-ms="103">
    <groups>
    </groups>
    <test started-at="2024-05-05T16:47:00 IST" name="Test1" finished-at="2024-05-05T16:47:00 IST" duration-ms="33">
      <class name="com.stc.NewTestv1">
        <test-method signature="f()[pri:0, instance:com.stc.NewTestv1@7c0c77c7]" started-at="2024-05-05T16:47:00 IST" name="f" finished-at="2024-05-05T16:47:00 IST" duration-ms="5" status="PASS">
          <reporter-output>
          </reporter-output>
        </test-method> <!-- f -->
      </class> <!-- com.stc.NewTestv1 -->
    </test> <!-- Test1 -->
    <test started-at="2024-05-05T16:47:00 IST" name="Test" finished-at="2024-05-05T16:47:00 IST" duration-ms="10">
      <class name="com.stc.NewTestv2">
        <test-method signature="f()[pri:0, instance:com.stc.NewTestv2@31368b99]" started-at="2024-05-05T16:47:00 IST" name="f" finished-at="2024-05-05T16:47:00 IST" duration-ms="1" status="PASS">
          <reporter-output>
          </reporter-output>
        </test-method> <!-- f -->
      </class> <!-- com.stc.NewTestv2 -->
      <class name="com.stc.NewTestv1">
        <test-method signature="f()[pri:0, instance:com.stc.NewTestv1@50b472aa]" started-at="2024-05-05T16:47:00 IST" name="f" finished-at="2024-05-05T16:47:00 IST" duration-ms="1" status="PASS">
          <reporter-output>
          </reporter-output>
        </test-method> <!-- f -->
      </class> <!-- com.stc.NewTestv1 -->
      <class name="another.NewTestV3">
        <test-method signature="f()[pri:0, instance:another.NewTestV3@1725dc0f]" started-at="2024-05-05T16:47:00 IST" name="f" finished-at="2024-05-05T16:47:00 IST" duration-ms="1" status="PASS">
          <reporter-output>
          </reporter-output>
        </test-method> <!-- f -->
      </class> <!-- another.NewTestV3 -->
    </test> <!-- Test -->
  </suite> <!-- Suite -->
</testng-results>
